<?xml version="1.0" encoding="UTF-8"?>
<!-- Generated by org.testng.reporters.JUnitXMLReporter -->
<testsuite ignored="10" hostname="Vyro-MacBook.local" failures="3" tests="48" name="Test" time="1953.536" errors="0" timestamp="2021-06-09T11:08:51 PKT">
  <testcase classname="Testcases.Home_object_Test" name="A_Gallery_Invalid" time="3.957"/>
  <testcase classname="Testcases.Home_object_Test" name="B_Gallery_Invalid_B" time="4.451"/>
  <testcase classname="Testcases.Home_object_Test" name="C_Gallery_Invalid" time="2.268"/>
  <testcase classname="Testcases.Home_object_Test" name="D_Gallery_Valid" time="1.774"/>
  <testcase classname="Testcases.Home_object_Test" name="E_Gallery_Valid" time="5.9"/>
  <testcase classname="Testcases.Home_object_Test" name="F_Gallery_Valid" time="10.725"/>
  <testcase classname="Testcases.Px_bg_Test" name="A_Testcase1" time="11.312"/>
  <testcase classname="Testcases.Px_bg_Test" name="B_Testcase2" time="2.301"/>
  <testcase classname="Testcases.Px_bg_Test" name="C_Testcase3" time="38.193">
    <failure type="org.openqa.selenium.StaleElementReferenceException" message="The element &amp;apos;By.id: com.vyroai.AutoCutCut:id/ivDownload&amp;apos; does not exist in DOM anymore
For documentation on this error, please visit: https://www.seleniumhq.org/exceptions/stale_element_reference.html
Build info: version: &amp;apos;3.141.59&amp;apos;, revision: &amp;apos;e82be7d358&amp;apos;, time: &amp;apos;2018-11-14T08:17:03&amp;apos;
System info: host: &amp;apos;Vyro-MacBook.local&amp;apos;, ip: &amp;apos;fe80:0:0:0:105c:4fa1:3801:2132%en0&amp;apos;, os.name: &amp;apos;Mac OS X&amp;apos;, os.arch: &amp;apos;x86_64&amp;apos;, os.version: &amp;apos;10.16&amp;apos;, java.version: &amp;apos;15.0.2&amp;apos;
Driver info: io.appium.java_client.android.AndroidDriver
Capabilities {app: /Users/aqsa/eclipse-workspa..., appActivity: com.vyroai.autocutcut.Activ..., appPackage: com.vyroai.AutoCutCut, autoGrantPermissions: true, automationName: UiAutomator2, databaseEnabled: false, desired: {app: /Users/aqsa/eclipse-workspa..., appActivity: com.vyroai.autocutcut.Activ..., appPackage: com.vyroai.AutoCutCut, autoGrantPermissions: true, automationName: UiAutomator2, deviceName: Galaxy Note8, newCommandTimeout: 360, noReset: true, platformName: android, skipUnlock: true, udid: ce0717177b2ad026017e}, deviceApiLevel: 28, deviceManufacturer: samsung, deviceModel: SM-N9500, deviceName: ce0717177b2ad026017e, deviceScreenDensity: 560, deviceScreenSize: 1440x2960, deviceUDID: ce0717177b2ad026017e, javascriptEnabled: true, locationContextEnabled: false, networkConnectionEnabled: true, newCommandTimeout: 360, noReset: true, pixelRatio: 3.5, platform: LINUX, platformName: Android, platformVersion: 9, skipUnlock: true, statBarHeight: 84, takesScreenshot: true, udid: ce0717177b2ad026017e, viewportRect: {height: 2708, left: 0, top: 84, width: 1440}, warnings: {}, webStorageEnabled: false}
Session ID: a7ed93f0-3ed5-49bc-ae40-257ebec7711b">
      <![CDATA[org.openqa.selenium.StaleElementReferenceException: The element 'By.id: com.vyroai.AutoCutCut:id/ivDownload' does not exist in DOM anymore
For documentation on this error, please visit: https://www.seleniumhq.org/exceptions/stale_element_reference.html
Build info: version: '3.141.59', revision: 'e82be7d358', time: '2018-11-14T08:17:03'
System info: host: 'Vyro-MacBook.local', ip: 'fe80:0:0:0:105c:4fa1:3801:2132%en0', os.name: 'Mac OS X', os.arch: 'x86_64', os.version: '10.16', java.version: '15.0.2'
Driver info: io.appium.java_client.android.AndroidDriver
Capabilities {app: /Users/aqsa/eclipse-workspa..., appActivity: com.vyroai.autocutcut.Activ..., appPackage: com.vyroai.AutoCutCut, autoGrantPermissions: true, automationName: UiAutomator2, databaseEnabled: false, desired: {app: /Users/aqsa/eclipse-workspa..., appActivity: com.vyroai.autocutcut.Activ..., appPackage: com.vyroai.AutoCutCut, autoGrantPermissions: true, automationName: UiAutomator2, deviceName: Galaxy Note8, newCommandTimeout: 360, noReset: true, platformName: android, skipUnlock: true, udid: ce0717177b2ad026017e}, deviceApiLevel: 28, deviceManufacturer: samsung, deviceModel: SM-N9500, deviceName: ce0717177b2ad026017e, deviceScreenDensity: 560, deviceScreenSize: 1440x2960, deviceUDID: ce0717177b2ad026017e, javascriptEnabled: true, locationContextEnabled: false, networkConnectionEnabled: true, newCommandTimeout: 360, noReset: true, pixelRatio: 3.5, platform: LINUX, platformName: Android, platformVersion: 9, skipUnlock: true, statBarHeight: 84, takesScreenshot: true, udid: ce0717177b2ad026017e, viewportRect: {height: 2708, left: 0, top: 84, width: 1440}, warnings: {}, webStorageEnabled: false}
Session ID: a7ed93f0-3ed5-49bc-ae40-257ebec7711b
at org.openqa.selenium.remote.http.W3CHttpResponseCodec.createException(W3CHttpResponseCodec.java:187)
at org.openqa.selenium.remote.http.W3CHttpResponseCodec.decode(W3CHttpResponseCodec.java:122)
at org.openqa.selenium.remote.http.W3CHttpResponseCodec.decode(W3CHttpResponseCodec.java:49)
at org.openqa.selenium.remote.HttpCommandExecutor.execute(HttpCommandExecutor.java:158)
at io.appium.java_client.remote.AppiumCommandExecutor.execute(AppiumCommandExecutor.java:247)
at org.openqa.selenium.remote.RemoteWebDriver.execute(RemoteWebDriver.java:552)
at io.appium.java_client.DefaultGenericMobileDriver.execute(DefaultGenericMobileDriver.java:41)
at io.appium.java_client.AppiumDriver.execute(AppiumDriver.java:1)
at io.appium.java_client.android.AndroidDriver.execute(AndroidDriver.java:1)
at org.openqa.selenium.remote.RemoteWebElement.execute(RemoteWebElement.java:285)
at io.appium.java_client.DefaultGenericMobileElement.execute(DefaultGenericMobileElement.java:45)
at io.appium.java_client.MobileElement.execute(MobileElement.java:1)
at io.appium.java_client.android.AndroidElement.execute(AndroidElement.java:1)
at org.openqa.selenium.remote.RemoteWebElement.isDisplayed(RemoteWebElement.java:326)
at io.appium.java_client.pagefactory.ElementInterceptor.getObject(ElementInterceptor.java:40)
at io.appium.java_client.pagefactory.interceptors.InterceptorOfASingleElement.intercept(InterceptorOfASingleElement.java:60)
at io.appium.java_client.android.AndroidElement$$EnhancerByCGLIB$$b598166c.isDisplayed(<generated>)
at org.openqa.selenium.support.ui.ExpectedConditions.elementIfVisible(ExpectedConditions.java:314)
at org.openqa.selenium.support.ui.ExpectedConditions.access$000(ExpectedConditions.java:43)
at org.openqa.selenium.support.ui.ExpectedConditions$10.apply(ExpectedConditions.java:300)
at org.openqa.selenium.support.ui.ExpectedConditions$10.apply(ExpectedConditions.java:297)
at org.openqa.selenium.support.ui.FluentWait.until(FluentWait.java:249)
at Baseclass.baseclasstwo.wait(baseclasstwo.java:75)
at Testcases.Px_bg_Test.C_Testcase3(Px_bg_Test.java:109)
at java.base/java.util.ArrayList.forEach(ArrayList.java:1511)
... Removed 35 stack frames]]>
    </failure>
  </testcase> <!-- C_Testcase3 -->
  <testcase classname="Testcases.Px_bg_Test" name="D_Testcase4" time="14.796"/>
  <testcase classname="Testcases.Px_bg_Test" name="E_Testcase5" time="6.377">
    <failure type="org.openqa.selenium.StaleElementReferenceException" message="The element &amp;apos;By.id: com.vyroai.AutoCutCut:id/progress_loader&amp;apos; does not exist in DOM anymore
For documentation on this error, please visit: https://www.seleniumhq.org/exceptions/stale_element_reference.html
Build info: version: &amp;apos;3.141.59&amp;apos;, revision: &amp;apos;e82be7d358&amp;apos;, time: &amp;apos;2018-11-14T08:17:03&amp;apos;
System info: host: &amp;apos;Vyro-MacBook.local&amp;apos;, ip: &amp;apos;fe80:0:0:0:105c:4fa1:3801:2132%en0&amp;apos;, os.name: &amp;apos;Mac OS X&amp;apos;, os.arch: &amp;apos;x86_64&amp;apos;, os.version: &amp;apos;10.16&amp;apos;, java.version: &amp;apos;15.0.2&amp;apos;
Driver info: io.appium.java_client.android.AndroidDriver
Capabilities {app: /Users/aqsa/eclipse-workspa..., appActivity: com.vyroai.autocutcut.Activ..., appPackage: com.vyroai.AutoCutCut, autoGrantPermissions: true, automationName: UiAutomator2, databaseEnabled: false, desired: {app: /Users/aqsa/eclipse-workspa..., appActivity: com.vyroai.autocutcut.Activ..., appPackage: com.vyroai.AutoCutCut, autoGrantPermissions: true, automationName: UiAutomator2, deviceName: Galaxy Note8, newCommandTimeout: 360, noReset: true, platformName: android, skipUnlock: true, udid: ce0717177b2ad026017e}, deviceApiLevel: 28, deviceManufacturer: samsung, deviceModel: SM-N9500, deviceName: ce0717177b2ad026017e, deviceScreenDensity: 560, deviceScreenSize: 1440x2960, deviceUDID: ce0717177b2ad026017e, javascriptEnabled: true, locationContextEnabled: false, networkConnectionEnabled: true, newCommandTimeout: 360, noReset: true, pixelRatio: 3.5, platform: LINUX, platformName: Android, platformVersion: 9, skipUnlock: true, statBarHeight: 84, takesScreenshot: true, udid: ce0717177b2ad026017e, viewportRect: {height: 2708, left: 0, top: 84, width: 1440}, warnings: {}, webStorageEnabled: false}
Session ID: a7ed93f0-3ed5-49bc-ae40-257ebec7711b">
      <![CDATA[org.openqa.selenium.StaleElementReferenceException: The element 'By.id: com.vyroai.AutoCutCut:id/progress_loader' does not exist in DOM anymore
For documentation on this error, please visit: https://www.seleniumhq.org/exceptions/stale_element_reference.html
Build info: version: '3.141.59', revision: 'e82be7d358', time: '2018-11-14T08:17:03'
System info: host: 'Vyro-MacBook.local', ip: 'fe80:0:0:0:105c:4fa1:3801:2132%en0', os.name: 'Mac OS X', os.arch: 'x86_64', os.version: '10.16', java.version: '15.0.2'
Driver info: io.appium.java_client.android.AndroidDriver
Capabilities {app: /Users/aqsa/eclipse-workspa..., appActivity: com.vyroai.autocutcut.Activ..., appPackage: com.vyroai.AutoCutCut, autoGrantPermissions: true, automationName: UiAutomator2, databaseEnabled: false, desired: {app: /Users/aqsa/eclipse-workspa..., appActivity: com.vyroai.autocutcut.Activ..., appPackage: com.vyroai.AutoCutCut, autoGrantPermissions: true, automationName: UiAutomator2, deviceName: Galaxy Note8, newCommandTimeout: 360, noReset: true, platformName: android, skipUnlock: true, udid: ce0717177b2ad026017e}, deviceApiLevel: 28, deviceManufacturer: samsung, deviceModel: SM-N9500, deviceName: ce0717177b2ad026017e, deviceScreenDensity: 560, deviceScreenSize: 1440x2960, deviceUDID: ce0717177b2ad026017e, javascriptEnabled: true, locationContextEnabled: false, networkConnectionEnabled: true, newCommandTimeout: 360, noReset: true, pixelRatio: 3.5, platform: LINUX, platformName: Android, platformVersion: 9, skipUnlock: true, statBarHeight: 84, takesScreenshot: true, udid: ce0717177b2ad026017e, viewportRect: {height: 2708, left: 0, top: 84, width: 1440}, warnings: {}, webStorageEnabled: false}
Session ID: a7ed93f0-3ed5-49bc-ae40-257ebec7711b
at org.openqa.selenium.remote.http.W3CHttpResponseCodec.createException(W3CHttpResponseCodec.java:187)
at org.openqa.selenium.remote.http.W3CHttpResponseCodec.decode(W3CHttpResponseCodec.java:122)
at org.openqa.selenium.remote.http.W3CHttpResponseCodec.decode(W3CHttpResponseCodec.java:49)
at org.openqa.selenium.remote.HttpCommandExecutor.execute(HttpCommandExecutor.java:158)
at io.appium.java_client.remote.AppiumCommandExecutor.execute(AppiumCommandExecutor.java:247)
at org.openqa.selenium.remote.RemoteWebDriver.execute(RemoteWebDriver.java:552)
at io.appium.java_client.DefaultGenericMobileDriver.execute(DefaultGenericMobileDriver.java:41)
at io.appium.java_client.AppiumDriver.execute(AppiumDriver.java:1)
at io.appium.java_client.android.AndroidDriver.execute(AndroidDriver.java:1)
at org.openqa.selenium.remote.RemoteWebElement.execute(RemoteWebElement.java:285)
at io.appium.java_client.DefaultGenericMobileElement.execute(DefaultGenericMobileElement.java:45)
at io.appium.java_client.MobileElement.execute(MobileElement.java:1)
at io.appium.java_client.android.AndroidElement.execute(AndroidElement.java:1)
at org.openqa.selenium.remote.RemoteWebElement.isDisplayed(RemoteWebElement.java:326)
at Testcases.Px_bg_Test.E_Testcase5(Px_bg_Test.java:183)
at java.base/java.util.ArrayList.forEach(ArrayList.java:1511)
... Removed 32 stack frames]]>
    </failure>
  </testcase> <!-- E_Testcase5 -->
  <testcase classname="Testcases.Px_bg_Test" name="F_Testcase6" time="33.842"/>
  <testcase classname="Testcases.Px_bg_Test" name="G_Testcase7" time="36.965"/>
  <testcase classname="Testcases.Px_bg_Test" name="H_Testcase8" time="1.629"/>
  <testcase classname="Testcases.Px_bg_Test" name="I_Testcase9" time="5.446"/>
  <testcase classname="Testcases.Px_bg_mainscreen" name="A_Testcase1" time="4.287"/>
  <testcase classname="Testcases.Px_bg_mainscreen" name="B_Testcase2" time="10.293"/>
  <testcase classname="Testcases.Px_bg_mainscreen" name="C_Testcase3" time="27.724"/>
  <testcase classname="Testcases.Px_bg_mainscreen" name="D_Testcase4" time="7.412"/>
  <testcase classname="Testcases.Px_bg_mainscreen" name="E_Testcase5" time="34.667">
    <failure type="org.openqa.selenium.NoSuchElementException" message="An element could not be located on the page using the given search parameters.
For documentation on this error, please visit: https://www.seleniumhq.org/exceptions/no_such_element.html
Build info: version: &amp;apos;3.141.59&amp;apos;, revision: &amp;apos;e82be7d358&amp;apos;, time: &amp;apos;2018-11-14T08:17:03&amp;apos;
System info: host: &amp;apos;Vyro-MacBook.local&amp;apos;, ip: &amp;apos;fe80:0:0:0:105c:4fa1:3801:2132%en0&amp;apos;, os.name: &amp;apos;Mac OS X&amp;apos;, os.arch: &amp;apos;x86_64&amp;apos;, os.version: &amp;apos;10.16&amp;apos;, java.version: &amp;apos;15.0.2&amp;apos;
Driver info: io.appium.java_client.android.AndroidDriver
Capabilities {app: /Users/aqsa/eclipse-workspa..., appActivity: com.vyroai.autocutcut.Activ..., appPackage: com.vyroai.AutoCutCut, autoGrantPermissions: true, automationName: UiAutomator2, databaseEnabled: false, desired: {app: /Users/aqsa/eclipse-workspa..., appActivity: com.vyroai.autocutcut.Activ..., appPackage: com.vyroai.AutoCutCut, autoGrantPermissions: true, automationName: UiAutomator2, deviceName: Galaxy Note8, newCommandTimeout: 360, noReset: true, platformName: android, skipUnlock: true, udid: ce0717177b2ad026017e}, deviceApiLevel: 28, deviceManufacturer: samsung, deviceModel: SM-N9500, deviceName: ce0717177b2ad026017e, deviceScreenDensity: 560, deviceScreenSize: 1440x2960, deviceUDID: ce0717177b2ad026017e, javascriptEnabled: true, locationContextEnabled: false, networkConnectionEnabled: true, newCommandTimeout: 360, noReset: true, pixelRatio: 3.5, platform: LINUX, platformName: Android, platformVersion: 9, skipUnlock: true, statBarHeight: 84, takesScreenshot: true, udid: ce0717177b2ad026017e, viewportRect: {height: 2708, left: 0, top: 84, width: 1440}, warnings: {}, webStorageEnabled: false}
Session ID: a7ed93f0-3ed5-49bc-ae40-257ebec7711b
*** Element info: {Using=id, value=com.vyroai.AutoCutCut:id/progress_loader}">
      <![CDATA[org.openqa.selenium.NoSuchElementException: An element could not be located on the page using the given search parameters.
For documentation on this error, please visit: https://www.seleniumhq.org/exceptions/no_such_element.html
Build info: version: '3.141.59', revision: 'e82be7d358', time: '2018-11-14T08:17:03'
System info: host: 'Vyro-MacBook.local', ip: 'fe80:0:0:0:105c:4fa1:3801:2132%en0', os.name: 'Mac OS X', os.arch: 'x86_64', os.version: '10.16', java.version: '15.0.2'
Driver info: io.appium.java_client.android.AndroidDriver
Capabilities {app: /Users/aqsa/eclipse-workspa..., appActivity: com.vyroai.autocutcut.Activ..., appPackage: com.vyroai.AutoCutCut, autoGrantPermissions: true, automationName: UiAutomator2, databaseEnabled: false, desired: {app: /Users/aqsa/eclipse-workspa..., appActivity: com.vyroai.autocutcut.Activ..., appPackage: com.vyroai.AutoCutCut, autoGrantPermissions: true, automationName: UiAutomator2, deviceName: Galaxy Note8, newCommandTimeout: 360, noReset: true, platformName: android, skipUnlock: true, udid: ce0717177b2ad026017e}, deviceApiLevel: 28, deviceManufacturer: samsung, deviceModel: SM-N9500, deviceName: ce0717177b2ad026017e, deviceScreenDensity: 560, deviceScreenSize: 1440x2960, deviceUDID: ce0717177b2ad026017e, javascriptEnabled: true, locationContextEnabled: false, networkConnectionEnabled: true, newCommandTimeout: 360, noReset: true, pixelRatio: 3.5, platform: LINUX, platformName: Android, platformVersion: 9, skipUnlock: true, statBarHeight: 84, takesScreenshot: true, udid: ce0717177b2ad026017e, viewportRect: {height: 2708, left: 0, top: 84, width: 1440}, warnings: {}, webStorageEnabled: false}
Session ID: a7ed93f0-3ed5-49bc-ae40-257ebec7711b
*** Element info: {Using=id, value=com.vyroai.AutoCutCut:id/progress_loader}
at org.openqa.selenium.remote.http.W3CHttpResponseCodec.createException(W3CHttpResponseCodec.java:187)
at org.openqa.selenium.remote.http.W3CHttpResponseCodec.decode(W3CHttpResponseCodec.java:122)
at org.openqa.selenium.remote.http.W3CHttpResponseCodec.decode(W3CHttpResponseCodec.java:49)
at org.openqa.selenium.remote.HttpCommandExecutor.execute(HttpCommandExecutor.java:158)
at io.appium.java_client.remote.AppiumCommandExecutor.execute(AppiumCommandExecutor.java:247)
at org.openqa.selenium.remote.RemoteWebDriver.execute(RemoteWebDriver.java:552)
at io.appium.java_client.DefaultGenericMobileDriver.execute(DefaultGenericMobileDriver.java:41)
at io.appium.java_client.AppiumDriver.execute(AppiumDriver.java:1)
at io.appium.java_client.android.AndroidDriver.execute(AndroidDriver.java:1)
at org.openqa.selenium.remote.RemoteWebDriver.findElement(RemoteWebDriver.java:323)
at io.appium.java_client.DefaultGenericMobileDriver.findElement(DefaultGenericMobileDriver.java:61)
at io.appium.java_client.AppiumDriver.findElement(AppiumDriver.java:1)
at io.appium.java_client.android.AndroidDriver.findElement(AndroidDriver.java:1)
at org.openqa.selenium.remote.RemoteWebDriver.findElementById(RemoteWebDriver.java:372)
at io.appium.java_client.DefaultGenericMobileDriver.findElementById(DefaultGenericMobileDriver.java:69)
at io.appium.java_client.AppiumDriver.findElementById(AppiumDriver.java:1)
at io.appium.java_client.android.AndroidDriver.findElementById(AndroidDriver.java:1)
at Testcases.Px_bg_mainscreen.E_Testcase5(Px_bg_mainscreen.java:168)
at java.base/java.util.ArrayList.forEach(ArrayList.java:1511)
... Removed 31 stack frames]]>
    </failure>
  </testcase> <!-- E_Testcase5 -->
  <testcase classname="Testcases.Px_bg_mainscreen" name="F_Testcase6" time="33.235"/>
  <testcase classname="Testcases.Px_bg_mainscreen" name="G_Testcase7" time="6.805"/>
  <testcase classname="Testcases.Px_bg_mainscreen" name="H_Testcase8" time="1.687"/>
  <testcase classname="Testcases.Px_bg_mainscreen" name="I_Testcase9" time="4.888"/>
  <testcase classname="Testcases.Google_bg_Test" name="A_Testcase1" time="7.035"/>
  <testcase classname="Testcases.Google_bg_Test" name="B_Testcase2" time="10.15"/>
  <testcase classname="Testcases.Google_bg_Test" name="C_Testcase3" time="4.556"/>
  <testcase classname="Testcases.Google_bg_Test" name="D_Testcase4" time="4.834"/>
  <testcase classname="Testcases.Google_bg_Test" name="E_Testcase5" time="33.24"/>
  <testcase classname="Testcases.Google_bg_Test" name="F_Testcase6" time="8.539"/>
  <testcase classname="Testcases.Google_bg_Test" name="G_Testcase7" time="1.419"/>
  <testcase classname="Testcases.Google_bg_Test" name="H_Testcase8" time="1.071"/>
  <testcase classname="Testcases.Google_bg_Test" name="I_Testcase9" time="6.645"/>
  <testcase classname="Testcases.Google_bg_Test" name="J_Testcase10" time="2.808"/>
  <testcase classname="Testcases.Google_bg_Test" name="K_Testcase11" time="5.202"/>
  <testcase classname="Testcases.Google_bg_Test" name="L_Testcase12" time="1.328"/>
  <testcase classname="Testcases.Google_bg_Test" name="M_Testcase13" time="3.079"/>
  <testcase classname="Testcases.Main_screen_Test" name="A_Testcase1" time="2.157"/>
  <testcase classname="Testcases.Main_screen_Test" name="B_Testcase2" time="2.657"/>
  <testcase classname="Testcases.Main_screen_Test" name="C_Testcase3" time="4.602"/>
  <testcase classname="Testcases.Objects_backgrounds_Test" name="A_Testcase1" time="303.808"/>
  <testcase classname="Testcases.Objects_backgrounds_Test" name="B_Testcase2" time="131.609"/>
  <testcase classname="Testcases.Objects_backgrounds_Test" name="C_Testcase3" time="131.934"/>
  <testcase classname="Testcases.Objects_backgrounds_Test" name="D_Testcase4" time="128.545"/>
  <testcase classname="Testcases.Objects_backgrounds_Test" name="E_Testcase5" time="148.195"/>
  <testcase classname="Testcases.Objects_backgrounds_Test" name="F_Testcase6" time="272.737"/>
  <testcase classname="Testcases.Objects_backgrounds_Test" name="G_Testcase7" time="152.133"/>
  <testcase classname="Testcases.Objects_backgrounds_Test" name="H_Testcase8" time="251.389"/>
  <testcase classname="Baseclass.baseclasstwo" name="@BeforeTest beforeTest" time="0.0">
    <ignored/>
  </testcase> <!-- @BeforeTest beforeTest -->
  <testcase classname="Baseclass.baseclasstwo" name="@BeforeTest beforeTest" time="0.0">
    <ignored/>
  </testcase> <!-- @BeforeTest beforeTest -->
  <testcase classname="Baseclass.baseclasstwo" name="@BeforeTest beforeTest" time="0.0">
    <ignored/>
  </testcase> <!-- @BeforeTest beforeTest -->
  <testcase classname="Baseclass.baseclasstwo" name="@BeforeTest beforeTest" time="0.0">
    <ignored/>
  </testcase> <!-- @BeforeTest beforeTest -->
  <testcase classname="Baseclass.baseclasstwo" name="@BeforeTest beforeTest" time="0.0">
    <ignored/>
  </testcase> <!-- @BeforeTest beforeTest -->
  <testcase classname="Baseclass.baseclasstwo" name="@AfterTest afterTest" time="0.0">
    <ignored/>
  </testcase> <!-- @AfterTest afterTest -->
  <testcase classname="Baseclass.baseclasstwo" name="@AfterTest afterTest" time="0.0">
    <ignored/>
  </testcase> <!-- @AfterTest afterTest -->
  <testcase classname="Baseclass.baseclasstwo" name="@AfterTest afterTest" time="0.0">
    <ignored/>
  </testcase> <!-- @AfterTest afterTest -->
  <testcase classname="Baseclass.baseclasstwo" name="@AfterTest afterTest" time="0.0">
    <ignored/>
  </testcase> <!-- @AfterTest afterTest -->
  <testcase classname="Baseclass.baseclasstwo" name="@AfterTest afterTest" time="0.0">
    <ignored/>
  </testcase> <!-- @AfterTest afterTest -->
</testsuite> <!-- Test -->
